{"/Users/viditshah/code/Vue/job-search/src/components/ActionButton.vue": {"path":"/Users/viditshah/code/Vue/job-search/src/components/ActionButton.vue","statementMap":{"0":{"start":{"line":8,"column":15},"end":{"line":8,"column":null}},"1":{"start":{"line":23,"column":6},"end":{"line":23,"column":13}}},"fnMap":{"0":{"name":"(anonymous_0)","decl":{"start":{"line":22,"column":4},"end":{"line":22,"column":15}},"loc":{"start":{"line":22,"column":18},"end":{"line":26,"column":null}}}},"branchMap":{},"s":{"0":1,"1":2},"f":{"0":2},"b":{}}
}
